"Severity","ThreadID","Date","Time","Application","Message"
"ERROR","http-bio-8080-exec-1","05/06/2015","07:16:31","",";Page /index.cfm [C:\eclipse\workspace\Test\index.cfm] not found;Page /index.cfm [C:\eclipse\workspace\Test\index.cfm] not found
	at railo.runtime.PageSourceImpl.loadPage(PageSourceImpl.java:870):870
	at railo.runtime.PageContextImpl.doInclude(PageContextImpl.java:905):905
	at railo.runtime.listener.ClassicAppListener._onRequest(ClassicAppListener.java:39):39
	at railo.runtime.listener.MixedAppListener.onRequest(MixedAppListener.java:19):19
	at railo.runtime.PageContextImpl.execute(PageContextImpl.java:2212):2212
	at railo.runtime.PageContextImpl.execute(PageContextImpl.java:2179):2179
	at railo.runtime.engine.CFMLEngineImpl.serviceCFML(CFMLEngineImpl.java:331):331
	at railo.loader.servlet.CFMLServlet.service(CFMLServlet.java:29):29
	at javax.servlet.http.HttpServlet.service(HttpServlet.java:728):728
	at org.apache.catalina.core.ApplicationFilterChain.internalDoFilter(ApplicationFilterChain.java:305):305
	at org.apache.catalina.core.ApplicationFilterChain.doFilter(ApplicationFilterChain.java:210):210
	at org.apache.tomcat.websocket.server.WsFilter.doFilter(WsFilter.java:51):51
	at org.apache.catalina.core.ApplicationFilterChain.internalDoFilter(ApplicationFilterChain.java:243):243
	at org.apache.catalina.core.ApplicationFilterChain.doFilter(ApplicationFilterChain.java:210):210
	at org.apache.catalina.core.StandardWrapperValve.invoke(StandardWrapperValve.java:222):222
	at org.apache.catalina.core.StandardContextValve.invoke(StandardContextValve.java:123):123
	at org.apache.catalina.core.StandardHostValve.invoke(StandardHostValve.java:171):171
	at org.apache.catalina.valves.ErrorReportValve.invoke(ErrorReportValve.java:100):100
	at org.apache.catalina.valves.AccessLogValve.invoke(AccessLogValve.java:953):953
	at org.apache.catalina.core.StandardEngineValve.invoke(StandardEngineValve.java:118):118
	at org.apache.catalina.connector.CoyoteAdapter.service(CoyoteAdapter.java:408):408
	at org.apache.coyote.http11.AbstractHttp11Processor.process(AbstractHttp11Processor.java:1041):1041
	at org.apache.coyote.AbstractProtocol$AbstractConnectionHandler.process(AbstractProtocol.java:603):603
	at org.apache.tomcat.util.net.JIoEndpoint$SocketProcessor.run(JIoEndpoint.java:310):310
	at java.util.concurrent.ThreadPoolExecutor.runWorker(Unknown Source):-1
	at java.util.concurrent.ThreadPoolExecutor$Worker.run(Unknown Source):-1
	at java.lang.Thread.run(Unknown Source):-1
"
"ERROR","http-bio-8080-exec-3","05/06/2015","07:16:43","",";Page /index.cfm [C:\eclipse\workspace\Test\index.cfm] not found;Page /index.cfm [C:\eclipse\workspace\Test\index.cfm] not found
	at railo.runtime.PageSourceImpl.loadPage(PageSourceImpl.java:870):870
	at railo.runtime.PageContextImpl.doInclude(PageContextImpl.java:905):905
	at railo.runtime.listener.ClassicAppListener._onRequest(ClassicAppListener.java:39):39
	at railo.runtime.listener.MixedAppListener.onRequest(MixedAppListener.java:19):19
	at railo.runtime.PageContextImpl.execute(PageContextImpl.java:2212):2212
	at railo.runtime.PageContextImpl.execute(PageContextImpl.java:2179):2179
	at railo.runtime.engine.CFMLEngineImpl.serviceCFML(CFMLEngineImpl.java:331):331
	at railo.loader.servlet.CFMLServlet.service(CFMLServlet.java:29):29
	at javax.servlet.http.HttpServlet.service(HttpServlet.java:728):728
	at org.apache.catalina.core.ApplicationFilterChain.internalDoFilter(ApplicationFilterChain.java:305):305
	at org.apache.catalina.core.ApplicationFilterChain.doFilter(ApplicationFilterChain.java:210):210
	at org.apache.tomcat.websocket.server.WsFilter.doFilter(WsFilter.java:51):51
	at org.apache.catalina.core.ApplicationFilterChain.internalDoFilter(ApplicationFilterChain.java:243):243
	at org.apache.catalina.core.ApplicationFilterChain.doFilter(ApplicationFilterChain.java:210):210
	at org.apache.catalina.core.StandardWrapperValve.invoke(StandardWrapperValve.java:222):222
	at org.apache.catalina.core.StandardContextValve.invoke(StandardContextValve.java:123):123
	at org.apache.catalina.core.StandardHostValve.invoke(StandardHostValve.java:171):171
	at org.apache.catalina.valves.ErrorReportValve.invoke(ErrorReportValve.java:100):100
	at org.apache.catalina.valves.AccessLogValve.invoke(AccessLogValve.java:953):953
	at org.apache.catalina.core.StandardEngineValve.invoke(StandardEngineValve.java:118):118
	at org.apache.catalina.connector.CoyoteAdapter.service(CoyoteAdapter.java:408):408
	at org.apache.coyote.http11.AbstractHttp11Processor.process(AbstractHttp11Processor.java:1041):1041
	at org.apache.coyote.AbstractProtocol$AbstractConnectionHandler.process(AbstractProtocol.java:603):603
	at org.apache.tomcat.util.net.JIoEndpoint$SocketProcessor.run(JIoEndpoint.java:310):310
	at java.util.concurrent.ThreadPoolExecutor.runWorker(Unknown Source):-1
	at java.util.concurrent.ThreadPoolExecutor$Worker.run(Unknown Source):-1
	at java.lang.Thread.run(Unknown Source):-1
"
"ERROR","http-bio-8080-exec-9","05/07/2015","07:06:00","",";Invalid Identifier, the following character cannot be part of a identifier [!];Invalid Identifier, the following character cannot be part of a identifier [!]
	at railo.transformer.cfml.tag.CFMLTransformer.identifier(CFMLTransformer.java:1108):1108
	at railo.transformer.cfml.tag.CFMLTransformer.attributeName(CFMLTransformer.java:996):996
	at railo.transformer.cfml.tag.CFMLTransformer.attribute(CFMLTransformer.java:942):942
	at railo.transformer.cfml.tag.CFMLTransformer.attributes(CFMLTransformer.java:821):821
	at railo.transformer.cfml.tag.CFMLTransformer.tag(CFMLTransformer.java:542):542
	at railo.transformer.cfml.tag.CFMLTransformer.body(CFMLTransformer.java:313):313
	at railo.transformer.cfml.tag.CFMLTransformer.transform(CFMLTransformer.java:253):253
	at railo.transformer.cfml.tag.CFMLTransformer.transform(CFMLTransformer.java:124):124
	at railo.runtime.compiler.CFMLCompilerImpl.compile(CFMLCompilerImpl.java:55):55
	at railo.runtime.PageSourceImpl._compile(PageSourceImpl.java:309):309
	at railo.runtime.PageSourceImpl.compile(PageSourceImpl.java:283):283
	at railo.runtime.PageSourceImpl.loadPhysical(PageSourceImpl.java:242):242
	at railo.runtime.PageSourceImpl.loadPage(PageSourceImpl.java:166):166
	at railo.runtime.PageSourceImpl.loadPage(PageSourceImpl.java:867):867
	at railo.runtime.PageContextImpl.doInclude(PageContextImpl.java:905):905
	at railo.runtime.listener.ClassicAppListener._onRequest(ClassicAppListener.java:39):39
	at railo.runtime.listener.MixedAppListener.onRequest(MixedAppListener.java:19):19
	at railo.runtime.PageContextImpl.execute(PageContextImpl.java:2212):2212
	at railo.runtime.PageContextImpl.execute(PageContextImpl.java:2179):2179
	at railo.runtime.engine.CFMLEngineImpl.serviceCFML(CFMLEngineImpl.java:331):331
	at railo.loader.servlet.CFMLServlet.service(CFMLServlet.java:29):29
	at javax.servlet.http.HttpServlet.service(HttpServlet.java:728):728
	at org.apache.catalina.core.ApplicationFilterChain.internalDoFilter(ApplicationFilterChain.java:305):305
	at org.apache.catalina.core.ApplicationFilterChain.doFilter(ApplicationFilterChain.java:210):210
	at org.apache.tomcat.websocket.server.WsFilter.doFilter(WsFilter.java:51):51
	at org.apache.catalina.core.ApplicationFilterChain.internalDoFilter(ApplicationFilterChain.java:243):243
	at org.apache.catalina.core.ApplicationFilterChain.doFilter(ApplicationFilterChain.java:210):210
	at org.apache.catalina.core.StandardWrapperValve.invoke(StandardWrapperValve.java:222):222
	at org.apache.catalina.core.StandardContextValve.invoke(StandardContextValve.java:123):123
	at org.apache.catalina.authenticator.AuthenticatorBase.invoke(AuthenticatorBase.java:502):502
	at org.apache.catalina.core.StandardHostValve.invoke(StandardHostValve.java:171):171
	at org.apache.catalina.valves.ErrorReportValve.invoke(ErrorReportValve.java:100):100
	at org.apache.catalina.valves.AccessLogValve.invoke(AccessLogValve.java:953):953
	at org.apache.catalina.core.StandardEngineValve.invoke(StandardEngineValve.java:118):118
	at org.apache.catalina.connector.CoyoteAdapter.service(CoyoteAdapter.java:408):408
	at org.apache.coyote.http11.AbstractHttp11Processor.process(AbstractHttp11Processor.java:1041):1041
	at org.apache.coyote.AbstractProtocol$AbstractConnectionHandler.process(AbstractProtocol.java:603):603
	at org.apache.tomcat.util.net.JIoEndpoint$SocketProcessor.run(JIoEndpoint.java:310):310
	at java.util.concurrent.ThreadPoolExecutor.runWorker(Unknown Source):-1
	at java.util.concurrent.ThreadPoolExecutor$Worker.run(Unknown Source):-1
	at java.lang.Thread.run(Unknown Source):-1
"
"ERROR","http-bio-8080-exec-10","05/07/2015","07:06:15","",";Invalid Identifier, the following character cannot be part of a identifier [”];Invalid Identifier, the following character cannot be part of a identifier [”]
	at railo.transformer.cfml.tag.CFMLTransformer.identifier(CFMLTransformer.java:1108):1108
	at railo.transformer.cfml.tag.CFMLTransformer.attributeName(CFMLTransformer.java:996):996
	at railo.transformer.cfml.tag.CFMLTransformer.attribute(CFMLTransformer.java:942):942
	at railo.transformer.cfml.tag.CFMLTransformer.attributes(CFMLTransformer.java:821):821
	at railo.transformer.cfml.tag.CFMLTransformer.tag(CFMLTransformer.java:542):542
	at railo.transformer.cfml.tag.CFMLTransformer.body(CFMLTransformer.java:313):313
	at railo.transformer.cfml.tag.CFMLTransformer.transform(CFMLTransformer.java:253):253
	at railo.transformer.cfml.tag.CFMLTransformer.transform(CFMLTransformer.java:124):124
	at railo.runtime.compiler.CFMLCompilerImpl.compile(CFMLCompilerImpl.java:55):55
	at railo.runtime.PageSourceImpl._compile(PageSourceImpl.java:309):309
	at railo.runtime.PageSourceImpl.compile(PageSourceImpl.java:283):283
	at railo.runtime.PageSourceImpl.loadPhysical(PageSourceImpl.java:242):242
	at railo.runtime.PageSourceImpl.loadPage(PageSourceImpl.java:166):166
	at railo.runtime.PageSourceImpl.loadPage(PageSourceImpl.java:867):867
	at railo.runtime.PageContextImpl.doInclude(PageContextImpl.java:905):905
	at railo.runtime.listener.ClassicAppListener._onRequest(ClassicAppListener.java:39):39
	at railo.runtime.listener.MixedAppListener.onRequest(MixedAppListener.java:19):19
	at railo.runtime.PageContextImpl.execute(PageContextImpl.java:2212):2212
	at railo.runtime.PageContextImpl.execute(PageContextImpl.java:2179):2179
	at railo.runtime.engine.CFMLEngineImpl.serviceCFML(CFMLEngineImpl.java:331):331
	at railo.loader.servlet.CFMLServlet.service(CFMLServlet.java:29):29
	at javax.servlet.http.HttpServlet.service(HttpServlet.java:728):728
	at org.apache.catalina.core.ApplicationFilterChain.internalDoFilter(ApplicationFilterChain.java:305):305
	at org.apache.catalina.core.ApplicationFilterChain.doFilter(ApplicationFilterChain.java:210):210
	at org.apache.tomcat.websocket.server.WsFilter.doFilter(WsFilter.java:51):51
	at org.apache.catalina.core.ApplicationFilterChain.internalDoFilter(ApplicationFilterChain.java:243):243
	at org.apache.catalina.core.ApplicationFilterChain.doFilter(ApplicationFilterChain.java:210):210
	at org.apache.catalina.core.StandardWrapperValve.invoke(StandardWrapperValve.java:222):222
	at org.apache.catalina.core.StandardContextValve.invoke(StandardContextValve.java:123):123
	at org.apache.catalina.authenticator.AuthenticatorBase.invoke(AuthenticatorBase.java:502):502
	at org.apache.catalina.core.StandardHostValve.invoke(StandardHostValve.java:171):171
	at org.apache.catalina.valves.ErrorReportValve.invoke(ErrorReportValve.java:100):100
	at org.apache.catalina.valves.AccessLogValve.invoke(AccessLogValve.java:953):953
	at org.apache.catalina.core.StandardEngineValve.invoke(StandardEngineValve.java:118):118
	at org.apache.catalina.connector.CoyoteAdapter.service(CoyoteAdapter.java:408):408
	at org.apache.coyote.http11.AbstractHttp11Processor.process(AbstractHttp11Processor.java:1041):1041
	at org.apache.coyote.AbstractProtocol$AbstractConnectionHandler.process(AbstractProtocol.java:603):603
	at org.apache.tomcat.util.net.JIoEndpoint$SocketProcessor.run(JIoEndpoint.java:312):312
	at java.util.concurrent.ThreadPoolExecutor.runWorker(Unknown Source):-1
	at java.util.concurrent.ThreadPoolExecutor$Worker.run(Unknown Source):-1
	at java.lang.Thread.run(Unknown Source):-1
"
